```function_output
{
	"id": 1,
	"result": [{
		"date": "2025-06-07"
		"temperature": {
			"feels": 32,
			"actual": 30
		},
		"precipitation": 0,
		"uv": 4,
		"weather": "Partly cloudy"
	}, {
		"date": "2025-06-08"
		"temperature": {
			"feels": 32,
			"actual": 30
		},
		"precipitation": 0,
		"uv": 4,
		"weather": "Partly cloudy"
	}]
}
```

```function_output
{
	"id": 2,
	"error": {
		"name": "ServiceUnavailable",
		"message": "The service has hit its rate limit of 1 million requests globally. Please try again later."
	}
}
```
